This is pdfTeX, Version 3.14159265-2.6-1.40.19 (TeX Live 2018) (preloaded format=pdflatex 2018.5.19)  3 JUN 2018 21:20
entering extended mode
 restricted \write18 enabled.
 %&-line parsing enabled.
**00.book.tex
(./00.book.tex
LaTeX2e <2018-04-01> patch level 2
Babel <3.18> and hyphenation patterns for 84 language(s) loaded.
(/usr/local/texlive/2018/texmf-dist/tex/latex/base/article.cls
Document Class: article 2014/09/29 v1.4h Standard LaTeX document class
(/usr/local/texlive/2018/texmf-dist/tex/latex/base/size12.clo
File: size12.clo 2014/09/29 v1.4h Standard LaTeX file (size option)
)
\c@part=\count80
\c@section=\count81
\c@subsection=\count82
\c@subsubsection=\count83
\c@paragraph=\count84
\c@subparagraph=\count85
\c@figure=\count86
\c@table=\count87
\abovecaptionskip=\skip41
\belowcaptionskip=\skip42
\bibindent=\dimen102
)
(/usr/local/texlive/2018/texmf-dist/tex/latex/geometry/geometry.sty
Package: geometry 2018/03/24 v5.7 Page Geometry

(/usr/local/texlive/2018/texmf-dist/tex/latex/graphics/keyval.sty
Package: keyval 2014/10/28 v1.15 key=value parser (DPC)
\KV@toks@=\toks14
)
(/usr/local/texlive/2018/texmf-dist/tex/generic/oberdiek/ifpdf.sty
Package: ifpdf 2017/03/15 v3.2 Provides the ifpdf switch
)
(/usr/local/texlive/2018/texmf-dist/tex/generic/oberdiek/ifvtex.sty
Package: ifvtex 2016/05/16 v1.6 Detect VTeX and its facilities (HO)
Package ifvtex Info: VTeX not detected.
)
(/usr/local/texlive/2018/texmf-dist/tex/generic/ifxetex/ifxetex.sty
Package: ifxetex 2010/09/12 v0.6 Provides ifxetex conditional
)
\Gm@cnth=\count88
\Gm@cntv=\count89
\c@Gm@tempcnt=\count90
\Gm@bindingoffset=\dimen103
\Gm@wd@mp=\dimen104
\Gm@odd@mp=\dimen105
\Gm@even@mp=\dimen106
\Gm@layoutwidth=\dimen107
\Gm@layoutheight=\dimen108
\Gm@layouthoffset=\dimen109
\Gm@layoutvoffset=\dimen110
\Gm@dimlist=\toks15
)
(/usr/local/texlive/2018/texmf-dist/tex/latex/base/makeidx.sty
Package: makeidx 2014/09/29 v1.0m Standard LaTeX package
)
(/usr/local/texlive/2018/texmf-dist/tex/latex/graphics/graphicx.sty
Package: graphicx 2017/06/01 v1.1a Enhanced LaTeX Graphics (DPC,SPQR)

(/usr/local/texlive/2018/texmf-dist/tex/latex/graphics/graphics.sty
Package: graphics 2017/06/25 v1.2c Standard LaTeX Graphics (DPC,SPQR)

(/usr/local/texlive/2018/texmf-dist/tex/latex/graphics/trig.sty
Package: trig 2016/01/03 v1.10 sin cos tan (DPC)
)
(/usr/local/texlive/2018/texmf-dist/tex/latex/graphics-cfg/graphics.cfg
File: graphics.cfg 2016/06/04 v1.11 sample graphics configuration
)
Package graphics Info: Driver file: pdftex.def on input line 99.

(/usr/local/texlive/2018/texmf-dist/tex/latex/graphics-def/pdftex.def
File: pdftex.def 2018/01/08 v1.0l Graphics/color driver for pdftex
))
\Gin@req@height=\dimen111
\Gin@req@width=\dimen112
)
(/usr/local/texlive/2018/texmf-dist/tex/latex/footmisc/footmisc.sty
Package: footmisc 2011/06/06 v5.5b a miscellany of footnote facilities
\FN@temptoken=\toks16
\footnotemargin=\dimen113
\c@pp@next@reset=\count91
Package footmisc Info: Declaring symbol style bringhurst on input line 855.
Package footmisc Info: Declaring symbol style chicago on input line 863.
Package footmisc Info: Declaring symbol style wiley on input line 872.
Package footmisc Info: Declaring symbol style lamport-robust on input line 883.

Package footmisc Info: Declaring symbol style lamport* on input line 903.
Package footmisc Info: Declaring symbol style lamport*-robust on input line 924
.
)
(/usr/local/texlive/2018/texmf-dist/tex/generic/babel/babel.sty
Package: babel 2018/02/14 3.18 The Babel package

(/usr/local/texlive/2018/texmf-dist/tex/generic/babel/switch.def
File: switch.def 2018/02/14 3.18 Babel switching mechanism
)
(/usr/local/texlive/2018/texmf-dist/tex/generic/babel-indonesian/bahasa.ldf
Language: bahasa 2017/02/15 v1.0m Bahasa Indonesia support from the babel syste
m

(/usr/local/texlive/2018/texmf-dist/tex/generic/babel-indonesian/indonesian.ldf
Language: indonesian 2017/02/15 v1.0m Bahasa Indonesia support from the babel s
ystem
(/usr/local/texlive/2018/texmf-dist/tex/generic/babel/babel.def
File: babel.def 2018/02/14 3.18 Babel common definitions
\babel@savecnt=\count92
\U@D=\dimen114

(/usr/local/texlive/2018/texmf-dist/tex/generic/babel/txtbabel.def)
\bbl@dirlevel=\count93
))))
(/usr/local/texlive/2018/texmf-dist/tex/latex/tools/enumerate.sty
Package: enumerate 2015/07/23 v3.00 enumerate extensions (DPC)
\@enLab=\toks17
)
(/usr/local/texlive/2018/texmf-dist/tex/latex/paralist/paralist.sty
Package: paralist 2017/01/22 v2.7 Extended list environments
\pltopsep=\skip43
\plpartopsep=\skip44
\plitemsep=\skip45
\plparsep=\skip46
\pl@lab=\toks18
)
(/usr/local/texlive/2018/texmf-dist/tex/latex/float/float.sty
Package: float 2001/11/08 v1.3d Float enhancements (AL)
\c@float@type=\count94
\float@exts=\toks19
\float@box=\box26
\@float@everytoks=\toks20
\@floatcapt=\box27
)
(/usr/local/texlive/2018/texmf-dist/tex/latex/was/gensymb.sty
Package: gensymb 2003/07/02 v1.0 (WaS)
)
(/usr/local/texlive/2018/texmf-dist/tex/latex/listings/listings.sty
\lst@mode=\count95
\lst@gtempboxa=\box28
\lst@token=\toks21
\lst@length=\count96
\lst@currlwidth=\dimen115
\lst@column=\count97
\lst@pos=\count98
\lst@lostspace=\dimen116
\lst@width=\dimen117
\lst@newlines=\count99
\lst@lineno=\count100
\lst@maxwidth=\dimen118

(/usr/local/texlive/2018/texmf-dist/tex/latex/listings/lstmisc.sty
File: lstmisc.sty 2015/06/04 1.6 (Carsten Heinz)
\c@lstnumber=\count101
\lst@skipnumbers=\count102
\lst@framebox=\box29
)
(/usr/local/texlive/2018/texmf-dist/tex/latex/listings/listings.cfg
File: listings.cfg 2015/06/04 1.6 listings configuration
))
Package: listings 2015/06/04 1.6 (Carsten Heinz)

(/usr/local/texlive/2018/texmf-dist/tex/latex/graphics/color.sty
Package: color 2016/07/10 v1.1e Standard LaTeX Color (DPC)

(/usr/local/texlive/2018/texmf-dist/tex/latex/graphics-cfg/color.cfg
File: color.cfg 2016/01/02 v1.6 sample color configuration
)
Package color Info: Driver file: pdftex.def on input line 147.
)
(/usr/local/texlive/2018/texmf-dist/tex/latex/mathtools/mathtools.sty
Package: mathtools 2018/01/08 v1.21 mathematical typesetting tools

(/usr/local/texlive/2018/texmf-dist/tex/latex/tools/calc.sty
Package: calc 2017/05/25 v4.3 Infix arithmetic (KKT,FJ)
\calc@Acount=\count103
\calc@Bcount=\count104
\calc@Adimen=\dimen119
\calc@Bdimen=\dimen120
\calc@Askip=\skip47
\calc@Bskip=\skip48
LaTeX Info: Redefining \setlength on input line 80.
LaTeX Info: Redefining \addtolength on input line 81.
\calc@Ccount=\count105
\calc@Cskip=\skip49
)
(/usr/local/texlive/2018/texmf-dist/tex/latex/mathtools/mhsetup.sty
Package: mhsetup 2017/03/31 v1.3 programming setup (MH)
)
(/usr/local/texlive/2018/texmf-dist/tex/latex/amsmath/amsmath.sty
Package: amsmath 2017/09/02 v2.17a AMS math features
\@mathmargin=\skip50

For additional information on amsmath, use the `?' option.
(/usr/local/texlive/2018/texmf-dist/tex/latex/amsmath/amstext.sty
Package: amstext 2000/06/29 v2.01 AMS text

(/usr/local/texlive/2018/texmf-dist/tex/latex/amsmath/amsgen.sty
File: amsgen.sty 1999/11/30 v2.0 generic functions
\@emptytoks=\toks22
\ex@=\dimen121
))
(/usr/local/texlive/2018/texmf-dist/tex/latex/amsmath/amsbsy.sty
Package: amsbsy 1999/11/29 v1.2d Bold Symbols
\pmbraise@=\dimen122
)
(/usr/local/texlive/2018/texmf-dist/tex/latex/amsmath/amsopn.sty
Package: amsopn 2016/03/08 v2.02 operator names
)
\inf@bad=\count106
LaTeX Info: Redefining \frac on input line 213.
\uproot@=\count107
\leftroot@=\count108
LaTeX Info: Redefining \overline on input line 375.
\classnum@=\count109
\DOTSCASE@=\count110
LaTeX Info: Redefining \ldots on input line 472.
LaTeX Info: Redefining \dots on input line 475.
LaTeX Info: Redefining \cdots on input line 596.
\Mathstrutbox@=\box30
\strutbox@=\box31
\big@size=\dimen123
LaTeX Font Info:    Redeclaring font encoding OML on input line 712.
LaTeX Font Info:    Redeclaring font encoding OMS on input line 713.
\macc@depth=\count111
\c@MaxMatrixCols=\count112
\dotsspace@=\muskip10
\c@parentequation=\count113
\dspbrk@lvl=\count114
\tag@help=\toks23
\row@=\count115
\column@=\count116
\maxfields@=\count117
\andhelp@=\toks24
\eqnshift@=\dimen124
\alignsep@=\dimen125
\tagshift@=\dimen126
\tagwidth@=\dimen127
\totwidth@=\dimen128
\lineht@=\dimen129
\@envbody=\toks25
\multlinegap=\skip51
\multlinetaggap=\skip52
\mathdisplay@stack=\toks26
LaTeX Info: Redefining \[ on input line 2817.
LaTeX Info: Redefining \] on input line 2818.
)
LaTeX Info: Thecontrolsequence`\('isalreadyrobust on input line 129.
LaTeX Info: Thecontrolsequence`\)'isalreadyrobust on input line 129.
LaTeX Info: Thecontrolsequence`\['isalreadyrobust on input line 129.
LaTeX Info: Thecontrolsequence`\]'isalreadyrobust on input line 129.
\g_MT_multlinerow_int=\count118
\l_MT_multwidth_dim=\dimen130
\origjot=\skip53
\l_MT_shortvdotswithinadjustabove_dim=\dimen131
\l_MT_shortvdotswithinadjustbelow_dim=\dimen132
\l_MT_above_intertext_sep=\dimen133
\l_MT_below_intertext_sep=\dimen134
\l_MT_above_shortintertext_sep=\dimen135
\l_MT_below_shortintertext_sep=\dimen136
)
(./00.book.aux)
\openout1 = `00.book.aux'.

LaTeX Font Info:    Checking defaults for OML/cmm/m/it on input line 48.
LaTeX Font Info:    ... okay on input line 48.
LaTeX Font Info:    Checking defaults for T1/cmr/m/n on input line 48.
LaTeX Font Info:    ... okay on input line 48.
LaTeX Font Info:    Checking defaults for OT1/cmr/m/n on input line 48.
LaTeX Font Info:    ... okay on input line 48.
LaTeX Font Info:    Checking defaults for OMS/cmsy/m/n on input line 48.
LaTeX Font Info:    ... okay on input line 48.
LaTeX Font Info:    Checking defaults for OMX/cmex/m/n on input line 48.
LaTeX Font Info:    ... okay on input line 48.
LaTeX Font Info:    Checking defaults for U/cmr/m/n on input line 48.
LaTeX Font Info:    ... okay on input line 48.

*geometry* detected driver: pdftex
*geometry* verbose mode - [ preamble ] result:
* driver: pdftex
* paper: custom
* layout: <same size as paper>
* layoutoffset:(h,v)=(0.0pt,0.0pt)
* modes: 
* h-part:(L,W,R)=(89.65189pt, 418.36942pt, 89.6519pt)
* v-part:(T,H,B)=(101.38141pt, 591.38295pt, 152.07211pt)
* \paperwidth=597.6732pt
* \paperheight=844.83647pt
* \textwidth=418.36942pt
* \textheight=591.38295pt
* \oddsidemargin=17.3819pt
* \evensidemargin=17.3819pt
* \topmargin=-7.88858pt
* \headheight=12.0pt
* \headsep=25.0pt
* \topskip=12.0pt
* \footskip=30.0pt
* \marginparwidth=44.0pt
* \marginparsep=10.0pt
* \columnsep=10.0pt
* \skip\footins=10.8pt plus 4.0pt minus 2.0pt
* \hoffset=0.0pt
* \voffset=0.0pt
* \mag=1000
* \@twocolumnfalse
* \@twosidefalse
* \@mparswitchfalse
* \@reversemarginfalse
* (1in=72.27pt=25.4mm, 1cm=28.453pt)

(/usr/local/texlive/2018/texmf-dist/tex/context/base/mkii/supp-pdf.mkii
[Loading MPS to PDF converter (version 2006.09.02).]
\scratchcounter=\count119
\scratchdimen=\dimen137
\scratchbox=\box32
\nofMPsegments=\count120
\nofMParguments=\count121
\everyMPshowfont=\toks27
\MPscratchCnt=\count122
\MPscratchDim=\dimen138
\MPnumerator=\count123
\makeMPintoPDFobject=\count124
\everyMPtoPDFconversion=\toks28
) (/usr/local/texlive/2018/texmf-dist/tex/latex/oberdiek/epstopdf-base.sty
Package: epstopdf-base 2016/05/15 v2.6 Base part for package epstopdf

(/usr/local/texlive/2018/texmf-dist/tex/generic/oberdiek/infwarerr.sty
Package: infwarerr 2016/05/16 v1.4 Providing info/warning/error messages (HO)
)
(/usr/local/texlive/2018/texmf-dist/tex/latex/oberdiek/grfext.sty
Package: grfext 2016/05/16 v1.2 Manage graphics extensions (HO)

(/usr/local/texlive/2018/texmf-dist/tex/generic/oberdiek/kvdefinekeys.sty
Package: kvdefinekeys 2016/05/16 v1.4 Define keys (HO)

(/usr/local/texlive/2018/texmf-dist/tex/generic/oberdiek/ltxcmds.sty
Package: ltxcmds 2016/05/16 v1.23 LaTeX kernel commands for general use (HO)
)))
(/usr/local/texlive/2018/texmf-dist/tex/latex/oberdiek/kvoptions.sty
Package: kvoptions 2016/05/16 v3.12 Key value format for package options (HO)

(/usr/local/texlive/2018/texmf-dist/tex/generic/oberdiek/kvsetkeys.sty
Package: kvsetkeys 2016/05/16 v1.17 Key value parser (HO)

(/usr/local/texlive/2018/texmf-dist/tex/generic/oberdiek/etexcmds.sty
Package: etexcmds 2016/05/16 v1.6 Avoid name clashes with e-TeX commands (HO)

(/usr/local/texlive/2018/texmf-dist/tex/generic/oberdiek/ifluatex.sty
Package: ifluatex 2016/05/16 v1.4 Provides the ifluatex switch (HO)
Package ifluatex Info: LuaTeX not detected.
)
Package etexcmds Info: Could not find \expanded.
(etexcmds)             That can mean that you are not using pdfTeX 1.50 or
(etexcmds)             that some package has redefined \expanded.
(etexcmds)             In the latter case, load this package earlier.
)))
(/usr/local/texlive/2018/texmf-dist/tex/generic/oberdiek/pdftexcmds.sty
Package: pdftexcmds 2018/01/30 v0.27 Utility functions of pdfTeX for LuaTeX (HO
)
Package pdftexcmds Info: LuaTeX not detected.
Package pdftexcmds Info: \pdf@primitive is available.
Package pdftexcmds Info: \pdf@ifprimitive is available.
Package pdftexcmds Info: \pdfdraftmode found.
)
Package epstopdf-base Info: Redefining graphics rule for `.eps' on input line 4
38.
Package grfext Info: Graphics extension search list:
(grfext)             [.pdf,.png,.jpg,.mps,.jpeg,.jbig2,.jb2,.PDF,.PNG,.JPG,.JPE
G,.JBIG2,.JB2,.eps]
(grfext)             \AppendGraphicsExtensions on input line 456.

(/usr/local/texlive/2018/texmf-dist/tex/latex/latexconfig/epstopdf-sys.cfg
File: epstopdf-sys.cfg 2010/07/13 v1.3 Configuration of (r)epstopdf for TeX Liv
e
))
LaTeX Info: Redefining \celsius on input line 48.
Package gensymb Info: Faking symbols for \degree and \celsius on input line 48.



Package gensymb Warning: Not defining \perthousand.

LaTeX Info: Redefining \ohm on input line 48.
Package gensymb Info: Using \Omega for \ohm on input line 48.

Package gensymb Warning: Not defining \micro.

\c@lstlisting=\count125
[1

{/usr/local/texlive/2018/texmf-var/fonts/map/pdftex/updmap/pdftex.map}]
<./resources/use-case-diag.png, id=9, 418.56375pt x 111.41624pt>
File: ./resources/use-case-diag.png Graphic file (type png)
<use ./resources/use-case-diag.png>
Package pdftex.def Info: ./resources/use-case-diag.png  used on input line 103.

(pdftex.def)             Requested size: 209.18471pt x 55.68077pt.

[2 <./resources/use-case-diag.png>]
<./resources/class-diagram-fe.jpg, id=14, 333.245pt x 411.5375pt>
File: ./resources/class-diagram-fe.jpg Graphic file (type jpg)
<use ./resources/class-diagram-fe.jpg>
Package pdftex.def Info: ./resources/class-diagram-fe.jpg  used on input line 1
18.
(pdftex.def)             Requested size: 209.18471pt x 258.33435pt.

Underfull \hbox (badness 1033) in paragraph at lines 123--124
[]\OT1/cmr/m/n/12 Pada ba-gi-an ujung dep-an (\OT1/cmr/m/it/12 fron-tend\OT1/cm
r/m/n/12 ), apli-ka-si ak-an ber-a-kar pa-da ke-las
 []

[3 <./resources/class-diagram-fe.jpg>]
<./resources/class-dia-be1.png, id=18, 978.65625pt x 649.42625pt>
File: ./resources/class-dia-be1.png Graphic file (type png)
<use ./resources/class-dia-be1.png>
Package pdftex.def Info: ./resources/class-dia-be1.png  used on input line 135.

(pdftex.def)             Requested size: 418.36942pt x 277.6326pt.
 [4]
<./resources/class-dia-be2.png, id=23, 975.645pt x 646.415pt>
File: ./resources/class-dia-be2.png Graphic file (type png)
<use ./resources/class-dia-be2.png>
Package pdftex.def Info: ./resources/class-dia-be2.png  used on input line 142.

(pdftex.def)             Requested size: 418.36942pt x 277.19354pt.
 [5 <./resources/class-dia-be1.png>]
LaTeX Font Info:    Try loading font information for OMS+cmr on input line 152.


(/usr/local/texlive/2018/texmf-dist/tex/latex/base/omscmr.fd
File: omscmr.fd 2014/09/29 v2.5h Standard LaTeX font definitions
)
LaTeX Font Info:    Font shape `OMS/cmr/m/n' in size <12> not available
(Font)              Font shape `OMS/cmsy/m/n' tried instead on input line 152.
 [6 <./resources/class-dia-be2.png>] [7]
Underfull \hbox (badness 4726) in paragraph at lines 174--175
[]\OT1/cmr/m/n/12 Kelas \OT1/cmtt/m/n/12 RefKelurahan\OT1/cmr/m/n/12 , ke-las i
ni di-gu-nak-an un-tuk me-me-tak-an ta-bel
 []

[8]
<./resources/component-diagram-fe.jpg, id=38, 853.1875pt x 55.20625pt>
File: ./resources/component-diagram-fe.jpg Graphic file (type jpg)
<use ./resources/component-diagram-fe.jpg>
Package pdftex.def Info: ./resources/component-diagram-fe.jpg  used on input li
ne 198.
(pdftex.def)             Requested size: 418.36942pt x 27.0715pt.
 [9]
<./resources/comp-dia-backend-1.png, id=42, 893.3375pt x 592.2125pt>
File: ./resources/comp-dia-backend-1.png Graphic file (type png)
<use ./resources/comp-dia-backend-1.png>
Package pdftex.def Info: ./resources/comp-dia-backend-1.png  used on input line
 209.
(pdftex.def)             Requested size: 418.36942pt x 277.3459pt.
 [10 <./resources/component-diagram-fe.jpg>]
<./resources/comp-dia-backend-2.png, id=46, 878.28125pt x 603.25375pt>
File: ./resources/comp-dia-backend-2.png Graphic file (type png)
<use ./resources/comp-dia-backend-2.png>
Package pdftex.def Info: ./resources/comp-dia-backend-2.png  used on input line
 216.
(pdftex.def)             Requested size: 418.36942pt x 287.36774pt.
 [11 <./resources/comp-dia-backend-1.png>]
<./resources/comp-dia-backend-3.png, id=50, 828.09375pt x 520.94624pt>
File: ./resources/comp-dia-backend-3.png Graphic file (type png)
<use ./resources/comp-dia-backend-3.png>
Package pdftex.def Info: ./resources/comp-dia-backend-3.png  used on input line
 223.
(pdftex.def)             Requested size: 418.36942pt x 263.19899pt.
 [12 <./resources/comp-dia-backend-2.png>] [13 <./resources/comp-dia-backend-3.
png>]
<./resources/comm-dia-fe.jpg, id=58, 807.015pt x 111.41624pt>
File: ./resources/comm-dia-fe.jpg Graphic file (type jpg)
<use ./resources/comm-dia-fe.jpg>
Package pdftex.def Info: ./resources/comm-dia-fe.jpg  used on input line 242.
(pdftex.def)             Requested size: 418.36942pt x 57.75996pt.
<./resources/comm-dia-1.png, id=59, 1257.69875pt x 483.8075pt>
File: ./resources/comm-dia-1.png Graphic file (type png)
<use ./resources/comm-dia-1.png>
Package pdftex.def Info: ./resources/comm-dia-1.png  used on input line 255.
(pdftex.def)             Requested size: 418.36942pt x 160.9341pt.
 [14 <./resources/comm-dia-fe.jpg>]
<./resources/comm-dia-2.png, id=63, 1205.50375pt x 608.2725pt>
File: ./resources/comm-dia-2.png Graphic file (type png)
<use ./resources/comm-dia-2.png>
Package pdftex.def Info: ./resources/comm-dia-2.png  used on input line 262.
(pdftex.def)             Requested size: 418.36942pt x 211.09796pt.
 [15 <./resources/comm-dia-1.png> <./resources/comm-dia-2.png>]
Underfull \hbox (badness 4181) in paragraph at lines 271--272
[]\OT1/cmr/m/n/12 Pada ske-na-rio ke-2, ujung-depan (\OT1/cmr/m/it/12 fron-tend
\OT1/cmr/m/n/12 ) ak-an me-mang-gil \OT1/cmr/m/it/12 me-thod
 []

[16]
<./resources/act-dia-fe.jpg, id=70, 344.28625pt x 232.87pt>
File: ./resources/act-dia-fe.jpg Graphic file (type jpg)
<use ./resources/act-dia-fe.jpg>
Package pdftex.def Info: ./resources/act-dia-fe.jpg  used on input line 285.
(pdftex.def)             Requested size: 418.36942pt x 282.98167pt.
 [17 <./resources/act-dia-fe.jpg>]
<./resources/activity-dia-1.png, id=74, 768.8725pt x 564.1075pt>
File: ./resources/activity-dia-1.png Graphic file (type png)
<use ./resources/activity-dia-1.png>
Package pdftex.def Info: ./resources/activity-dia-1.png  used on input line 298
.
(pdftex.def)             Requested size: 418.36942pt x 306.95476pt.
<./resources/activity-dia-2.png, id=75, 786.94pt x 575.14874pt>
File: ./resources/activity-dia-2.png Graphic file (type png)
<use ./resources/activity-dia-2.png>
Package pdftex.def Info: ./resources/activity-dia-2.png  used on input line 309
.
(pdftex.def)             Requested size: 418.36942pt x 305.76642pt.
 [18 <./resources/activity-dia-1.png>]
<./resources/activity-dia-3.png, id=79, 815.045pt x 562.1pt>
File: ./resources/activity-dia-3.png Graphic file (type png)
<use ./resources/activity-dia-3.png>
Package pdftex.def Info: ./resources/activity-dia-3.png  used on input line 318
.
(pdftex.def)             Requested size: 418.36942pt x 288.52841pt.

[19 <./resources/activity-dia-2.png>]
<./resources/activity-dia-4.png, id=84, 820.06375pt x 602.25pt>
File: ./resources/activity-dia-4.png Graphic file (type png)
<use ./resources/activity-dia-4.png>
Package pdftex.def Info: ./resources/activity-dia-4.png  used on input line 327
.
(pdftex.def)             Requested size: 418.36942pt x 307.25371pt.
 [20 <./resources/activity-dia-3.png>]
<./resources/seq-dia-fe.jpg, id=88, 505.89pt x 156.585pt>
File: ./resources/seq-dia-fe.jpg Graphic file (type jpg)
<use ./resources/seq-dia-fe.jpg>
Package pdftex.def Info: ./resources/seq-dia-fe.jpg  used on input line 340.
(pdftex.def)             Requested size: 418.36942pt x 129.49721pt.

[21 <./resources/activity-dia-4.png>]
<./resources/seq-dia-1.png, id=92, 854.19125pt x 430.60875pt>
File: ./resources/seq-dia-1.png Graphic file (type png)
<use ./resources/seq-dia-1.png>
Package pdftex.def Info: ./resources/seq-dia-1.png  used on input line 355.
(pdftex.def)             Requested size: 418.36942pt x 210.90157pt.
 [22 <./resources/seq-dia-fe.jpg>]
<./resources/seq-dia-2.png, id=96, 856.19875pt x 450.68375pt>
File: ./resources/seq-dia-2.png Graphic file (type png)
<use ./resources/seq-dia-2.png>
Package pdftex.def Info: ./resources/seq-dia-2.png  used on input line 364.
(pdftex.def)             Requested size: 418.36942pt x 220.21803pt.

[23 <./resources/seq-dia-1.png>]
<./resources/seq-dia-3.png, id=100, 910.40125pt x 415.5525pt>
File: ./resources/seq-dia-3.png Graphic file (type png)
<use ./resources/seq-dia-3.png>
Package pdftex.def Info: ./resources/seq-dia-3.png  used on input line 373.
(pdftex.def)             Requested size: 418.36942pt x 190.96625pt.
 [24 <./resources/seq-dia-2.png>]
<./resources/seq-dia-4.png, id=104, 984.67876pt x 436.63126pt>
File: ./resources/seq-dia-4.png Graphic file (type png)
<use ./resources/seq-dia-4.png>
Package pdftex.def Info: ./resources/seq-dia-4.png  used on input line 382.
(pdftex.def)             Requested size: 418.36942pt x 185.51585pt.
 [25 <./resources/seq-dia-3.png>]
<./resources/main_page.png, id=109, 2645.885pt x 1298.8525pt>
File: ./resources/main_page.png Graphic file (type png)
<use ./resources/main_page.png>
Package pdftex.def Info: ./resources/main_page.png  used on input line 393.
(pdftex.def)             Requested size: 418.36942pt x 205.3631pt.
<./resources/content_page.png, id=111, 2645.885pt x 1298.8525pt>
File: ./resources/content_page.png Graphic file (type png)
<use ./resources/content_page.png>
Package pdftex.def Info: ./resources/content_page.png  used on input line 400.
(pdftex.def)             Requested size: 418.36942pt x 205.3631pt.
 [26 <./resources/seq-dia-4.png> <./resources/main_page.png>] [27 <./resources/
content_page.png>] [28] (./00.book.aux) ) 
Here is how much of TeX's memory you used:
 5474 strings out of 492649
 80746 string characters out of 6129622
 164182 words of memory out of 5000000
 9247 multiletter control sequences out of 15000+600000
 6281 words of font info for 23 fonts, out of 8000000 for 9000
 1141 hyphenation exceptions out of 8191
 41i,6n,32p,708b,228s stack positions out of 5000i,500n,10000p,200000b,80000s
</usr/local/texlive/2018/texmf-dist/fo
nts/type1/public/amsfonts/cm/cmbx12.pfb></usr/local/texlive/2018/texmf-dist/fon
ts/type1/public/amsfonts/cm/cmbxti10.pfb></usr/local/texlive/2018/texmf-dist/fo
nts/type1/public/amsfonts/cm/cmr12.pfb></usr/local/texlive/2018/texmf-dist/font
s/type1/public/amsfonts/cm/cmsy10.pfb></usr/local/texlive/2018/texmf-dist/fonts
/type1/public/amsfonts/cm/cmti12.pfb></usr/local/texlive/2018/texmf-dist/fonts/
type1/public/amsfonts/cm/cmtt12.pfb>
Output written on 00.book.pdf (28 pages, 884191 bytes).
PDF statistics:
 144 PDF objects out of 1000 (max. 8388607)
 82 compressed objects within 1 object stream
 0 named destinations out of 1000 (max. 500000)
 116 words of extra memory for PDF output out of 10000 (max. 10000000)

