This is pdfTeX, Version 3.14159265-2.6-1.40.19 (TeX Live 2018) (preloaded format=pdflatex 2018.5.19)  27 MAY 2018 12:20
entering extended mode
 restricted \write18 enabled.
 %&-line parsing enabled.
**00.book.tex
(./00.book.tex
LaTeX2e <2018-04-01> patch level 2
Babel <3.18> and hyphenation patterns for 84 language(s) loaded.
(/usr/local/texlive/2018/texmf-dist/tex/latex/base/article.cls
Document Class: article 2014/09/29 v1.4h Standard LaTeX document class
(/usr/local/texlive/2018/texmf-dist/tex/latex/base/size12.clo
File: size12.clo 2014/09/29 v1.4h Standard LaTeX file (size option)
)
\c@part=\count80
\c@section=\count81
\c@subsection=\count82
\c@subsubsection=\count83
\c@paragraph=\count84
\c@subparagraph=\count85
\c@figure=\count86
\c@table=\count87
\abovecaptionskip=\skip41
\belowcaptionskip=\skip42
\bibindent=\dimen102
)
(/usr/local/texlive/2018/texmf-dist/tex/latex/geometry/geometry.sty
Package: geometry 2018/03/24 v5.7 Page Geometry

(/usr/local/texlive/2018/texmf-dist/tex/latex/graphics/keyval.sty
Package: keyval 2014/10/28 v1.15 key=value parser (DPC)
\KV@toks@=\toks14
)
(/usr/local/texlive/2018/texmf-dist/tex/generic/oberdiek/ifpdf.sty
Package: ifpdf 2017/03/15 v3.2 Provides the ifpdf switch
)
(/usr/local/texlive/2018/texmf-dist/tex/generic/oberdiek/ifvtex.sty
Package: ifvtex 2016/05/16 v1.6 Detect VTeX and its facilities (HO)
Package ifvtex Info: VTeX not detected.
)
(/usr/local/texlive/2018/texmf-dist/tex/generic/ifxetex/ifxetex.sty
Package: ifxetex 2010/09/12 v0.6 Provides ifxetex conditional
)
\Gm@cnth=\count88
\Gm@cntv=\count89
\c@Gm@tempcnt=\count90
\Gm@bindingoffset=\dimen103
\Gm@wd@mp=\dimen104
\Gm@odd@mp=\dimen105
\Gm@even@mp=\dimen106
\Gm@layoutwidth=\dimen107
\Gm@layoutheight=\dimen108
\Gm@layouthoffset=\dimen109
\Gm@layoutvoffset=\dimen110
\Gm@dimlist=\toks15
)
(/usr/local/texlive/2018/texmf-dist/tex/latex/base/makeidx.sty
Package: makeidx 2014/09/29 v1.0m Standard LaTeX package
)
(/usr/local/texlive/2018/texmf-dist/tex/latex/graphics/graphicx.sty
Package: graphicx 2017/06/01 v1.1a Enhanced LaTeX Graphics (DPC,SPQR)

(/usr/local/texlive/2018/texmf-dist/tex/latex/graphics/graphics.sty
Package: graphics 2017/06/25 v1.2c Standard LaTeX Graphics (DPC,SPQR)

(/usr/local/texlive/2018/texmf-dist/tex/latex/graphics/trig.sty
Package: trig 2016/01/03 v1.10 sin cos tan (DPC)
)
(/usr/local/texlive/2018/texmf-dist/tex/latex/graphics-cfg/graphics.cfg
File: graphics.cfg 2016/06/04 v1.11 sample graphics configuration
)
Package graphics Info: Driver file: pdftex.def on input line 99.

(/usr/local/texlive/2018/texmf-dist/tex/latex/graphics-def/pdftex.def
File: pdftex.def 2018/01/08 v1.0l Graphics/color driver for pdftex
))
\Gin@req@height=\dimen111
\Gin@req@width=\dimen112
)
(/usr/local/texlive/2018/texmf-dist/tex/latex/footmisc/footmisc.sty
Package: footmisc 2011/06/06 v5.5b a miscellany of footnote facilities
\FN@temptoken=\toks16
\footnotemargin=\dimen113
\c@pp@next@reset=\count91
Package footmisc Info: Declaring symbol style bringhurst on input line 855.
Package footmisc Info: Declaring symbol style chicago on input line 863.
Package footmisc Info: Declaring symbol style wiley on input line 872.
Package footmisc Info: Declaring symbol style lamport-robust on input line 883.

Package footmisc Info: Declaring symbol style lamport* on input line 903.
Package footmisc Info: Declaring symbol style lamport*-robust on input line 924
.
)
(/usr/local/texlive/2018/texmf-dist/tex/generic/babel/babel.sty
Package: babel 2018/02/14 3.18 The Babel package

(/usr/local/texlive/2018/texmf-dist/tex/generic/babel/switch.def
File: switch.def 2018/02/14 3.18 Babel switching mechanism
)
(/usr/local/texlive/2018/texmf-dist/tex/generic/babel-english/english.ldf
Language: english 2017/06/06 v3.3r English support from the babel system

(/usr/local/texlive/2018/texmf-dist/tex/generic/babel/babel.def
File: babel.def 2018/02/14 3.18 Babel common definitions
\babel@savecnt=\count92
\U@D=\dimen114

(/usr/local/texlive/2018/texmf-dist/tex/generic/babel/txtbabel.def)
\bbl@dirlevel=\count93
)
\l@canadian = a dialect from \language\l@american 
\l@australian = a dialect from \language\l@british 
\l@newzealand = a dialect from \language\l@british 
))
(/usr/local/texlive/2018/texmf-dist/tex/latex/tools/enumerate.sty
Package: enumerate 2015/07/23 v3.00 enumerate extensions (DPC)
\@enLab=\toks17
)
(/usr/local/texlive/2018/texmf-dist/tex/latex/paralist/paralist.sty
Package: paralist 2017/01/22 v2.7 Extended list environments
\pltopsep=\skip43
\plpartopsep=\skip44
\plitemsep=\skip45
\plparsep=\skip46
\pl@lab=\toks18
)
(/usr/local/texlive/2018/texmf-dist/tex/latex/float/float.sty
Package: float 2001/11/08 v1.3d Float enhancements (AL)
\c@float@type=\count94
\float@exts=\toks19
\float@box=\box26
\@float@everytoks=\toks20
\@floatcapt=\box27
)
(/usr/local/texlive/2018/texmf-dist/tex/latex/was/gensymb.sty
Package: gensymb 2003/07/02 v1.0 (WaS)
)
(/usr/local/texlive/2018/texmf-dist/tex/latex/listings/listings.sty
\lst@mode=\count95
\lst@gtempboxa=\box28
\lst@token=\toks21
\lst@length=\count96
\lst@currlwidth=\dimen115
\lst@column=\count97
\lst@pos=\count98
\lst@lostspace=\dimen116
\lst@width=\dimen117
\lst@newlines=\count99
\lst@lineno=\count100
\lst@maxwidth=\dimen118

(/usr/local/texlive/2018/texmf-dist/tex/latex/listings/lstmisc.sty
File: lstmisc.sty 2015/06/04 1.6 (Carsten Heinz)
\c@lstnumber=\count101
\lst@skipnumbers=\count102
\lst@framebox=\box29
)
(/usr/local/texlive/2018/texmf-dist/tex/latex/listings/listings.cfg
File: listings.cfg 2015/06/04 1.6 listings configuration
))
Package: listings 2015/06/04 1.6 (Carsten Heinz)

(./00.book.aux)
\openout1 = `00.book.aux'.

LaTeX Font Info:    Checking defaults for OML/cmm/m/it on input line 44.
LaTeX Font Info:    ... okay on input line 44.
LaTeX Font Info:    Checking defaults for T1/cmr/m/n on input line 44.
LaTeX Font Info:    ... okay on input line 44.
LaTeX Font Info:    Checking defaults for OT1/cmr/m/n on input line 44.
LaTeX Font Info:    ... okay on input line 44.
LaTeX Font Info:    Checking defaults for OMS/cmsy/m/n on input line 44.
LaTeX Font Info:    ... okay on input line 44.
LaTeX Font Info:    Checking defaults for OMX/cmex/m/n on input line 44.
LaTeX Font Info:    ... okay on input line 44.
LaTeX Font Info:    Checking defaults for U/cmr/m/n on input line 44.
LaTeX Font Info:    ... okay on input line 44.

*geometry* detected driver: pdftex
*geometry* verbose mode - [ preamble ] result:
* driver: pdftex
* paper: custom
* layout: <same size as paper>
* layoutoffset:(h,v)=(0.0pt,0.0pt)
* modes: 
* h-part:(L,W,R)=(89.65189pt, 418.36942pt, 89.6519pt)
* v-part:(T,H,B)=(101.38141pt, 591.38295pt, 152.07211pt)
* \paperwidth=597.6732pt
* \paperheight=844.83647pt
* \textwidth=418.36942pt
* \textheight=591.38295pt
* \oddsidemargin=17.3819pt
* \evensidemargin=17.3819pt
* \topmargin=-7.88858pt
* \headheight=12.0pt
* \headsep=25.0pt
* \topskip=12.0pt
* \footskip=30.0pt
* \marginparwidth=44.0pt
* \marginparsep=10.0pt
* \columnsep=10.0pt
* \skip\footins=10.8pt plus 4.0pt minus 2.0pt
* \hoffset=0.0pt
* \voffset=0.0pt
* \mag=1000
* \@twocolumnfalse
* \@twosidefalse
* \@mparswitchfalse
* \@reversemarginfalse
* (1in=72.27pt=25.4mm, 1cm=28.453pt)

(/usr/local/texlive/2018/texmf-dist/tex/context/base/mkii/supp-pdf.mkii
[Loading MPS to PDF converter (version 2006.09.02).]
\scratchcounter=\count103
\scratchdimen=\dimen119
\scratchbox=\box30
\nofMPsegments=\count104
\nofMParguments=\count105
\everyMPshowfont=\toks22
\MPscratchCnt=\count106
\MPscratchDim=\dimen120
\MPnumerator=\count107
\makeMPintoPDFobject=\count108
\everyMPtoPDFconversion=\toks23
) (/usr/local/texlive/2018/texmf-dist/tex/latex/oberdiek/epstopdf-base.sty
Package: epstopdf-base 2016/05/15 v2.6 Base part for package epstopdf

(/usr/local/texlive/2018/texmf-dist/tex/generic/oberdiek/infwarerr.sty
Package: infwarerr 2016/05/16 v1.4 Providing info/warning/error messages (HO)
)
(/usr/local/texlive/2018/texmf-dist/tex/latex/oberdiek/grfext.sty
Package: grfext 2016/05/16 v1.2 Manage graphics extensions (HO)

(/usr/local/texlive/2018/texmf-dist/tex/generic/oberdiek/kvdefinekeys.sty
Package: kvdefinekeys 2016/05/16 v1.4 Define keys (HO)

(/usr/local/texlive/2018/texmf-dist/tex/generic/oberdiek/ltxcmds.sty
Package: ltxcmds 2016/05/16 v1.23 LaTeX kernel commands for general use (HO)
)))
(/usr/local/texlive/2018/texmf-dist/tex/latex/oberdiek/kvoptions.sty
Package: kvoptions 2016/05/16 v3.12 Key value format for package options (HO)

(/usr/local/texlive/2018/texmf-dist/tex/generic/oberdiek/kvsetkeys.sty
Package: kvsetkeys 2016/05/16 v1.17 Key value parser (HO)

(/usr/local/texlive/2018/texmf-dist/tex/generic/oberdiek/etexcmds.sty
Package: etexcmds 2016/05/16 v1.6 Avoid name clashes with e-TeX commands (HO)

(/usr/local/texlive/2018/texmf-dist/tex/generic/oberdiek/ifluatex.sty
Package: ifluatex 2016/05/16 v1.4 Provides the ifluatex switch (HO)
Package ifluatex Info: LuaTeX not detected.
)
Package etexcmds Info: Could not find \expanded.
(etexcmds)             That can mean that you are not using pdfTeX 1.50 or
(etexcmds)             that some package has redefined \expanded.
(etexcmds)             In the latter case, load this package earlier.
)))
(/usr/local/texlive/2018/texmf-dist/tex/generic/oberdiek/pdftexcmds.sty
Package: pdftexcmds 2018/01/30 v0.27 Utility functions of pdfTeX for LuaTeX (HO
)
Package pdftexcmds Info: LuaTeX not detected.
Package pdftexcmds Info: \pdf@primitive is available.
Package pdftexcmds Info: \pdf@ifprimitive is available.
Package pdftexcmds Info: \pdfdraftmode found.
)
Package epstopdf-base Info: Redefining graphics rule for `.eps' on input line 4
38.
Package grfext Info: Graphics extension search list:
(grfext)             [.pdf,.png,.jpg,.mps,.jpeg,.jbig2,.jb2,.PDF,.PNG,.JPG,.JPE
G,.JBIG2,.JB2,.eps]
(grfext)             \AppendGraphicsExtensions on input line 456.

(/usr/local/texlive/2018/texmf-dist/tex/latex/latexconfig/epstopdf-sys.cfg
File: epstopdf-sys.cfg 2010/07/13 v1.3 Configuration of (r)epstopdf for TeX Liv
e
))
LaTeX Info: Redefining \celsius on input line 44.
Package gensymb Info: Faking symbols for \degree and \celsius on input line 44.



Package gensymb Warning: Not defining \perthousand.

LaTeX Info: Redefining \ohm on input line 44.
Package gensymb Info: Using \Omega for \ohm on input line 44.

Package gensymb Warning: Not defining \micro.

\c@lstlisting=\count109
[1

{/usr/local/texlive/2018/texmf-var/fonts/map/pdftex/updmap/pdftex.map}]
[2] [3]
<./resources/db-diagram.png, id=15, 724.7075pt x 601.24625pt>
File: ./resources/db-diagram.png Graphic file (type png)
<use ./resources/db-diagram.png>
Package pdftex.def Info: ./resources/db-diagram.png  used on input line 144.
(pdftex.def)             Requested size: 418.36942pt x 347.09921pt.
 [4] [5 <./resources/db-diagram.png>]
<resources/use-case-diag.png, id=22, 418.56375pt x 111.41624pt>
File: resources/use-case-diag.png Graphic file (type png)
<use resources/use-case-diag.png>
Package pdftex.def Info: resources/use-case-diag.png  used on input line 159.
(pdftex.def)             Requested size: 418.36942pt x 111.36327pt.
<./resources/class-dia-be1.png, id=23, 978.65625pt x 649.42625pt>
File: ./resources/class-dia-be1.png Graphic file (type png)
<use ./resources/class-dia-be1.png>
Package pdftex.def Info: ./resources/class-dia-be1.png  used on input line 172.

(pdftex.def)             Requested size: 418.36942pt x 277.6326pt.
 [6 <./resources/use-case-diag.png>]
<./resources/class-dia-be2.png, id=28, 975.645pt x 646.415pt>
File: ./resources/class-dia-be2.png Graphic file (type png)
<use ./resources/class-dia-be2.png>
Package pdftex.def Info: ./resources/class-dia-be2.png  used on input line 179.

(pdftex.def)             Requested size: 418.36942pt x 277.19354pt.
 [7 <./resources/class-dia-be1.png>]
LaTeX Font Info:    Try loading font information for OMS+cmr on input line 189.


(/usr/local/texlive/2018/texmf-dist/tex/latex/base/omscmr.fd
File: omscmr.fd 2014/09/29 v2.5h Standard LaTeX font definitions
)
LaTeX Font Info:    Font shape `OMS/cmr/m/n' in size <12> not available
(Font)              Font shape `OMS/cmsy/m/n' tried instead on input line 189.
 [8 <./resources/class-dia-be2.png>] [9]
Underfull \hbox (badness 4726) in paragraph at lines 211--212
[]\OT1/cmr/m/n/12 Kelas \OT1/cmtt/m/n/12 RefKelurahan\OT1/cmr/m/n/12 , ke-las i
ni di-gu-nakan un-tuk memetakan tabel
 []

[10]
<./resources/class-diagram-fe.jpg, id=44, 333.245pt x 411.5375pt>
File: ./resources/class-diagram-fe.jpg Graphic file (type jpg)
<use ./resources/class-diagram-fe.jpg>
Package pdftex.def Info: ./resources/class-diagram-fe.jpg  used on input line 2
31.
(pdftex.def)             Requested size: 418.36942pt x 516.70009pt.
 [11]
Underfull \hbox (badness 1033) in paragraph at lines 236--237
[]\OT1/cmr/m/n/12 Pada bagian ujung de-pan (\OT1/cmr/m/it/12 fron-tend\OT1/cmr/
m/n/12 ), ap-likasi akan be-rakar pada ke-las
 []

[12 <./resources/class-diagram-fe.jpg>]
Underfull \hbox (badness 2351) in paragraph at lines 238--239
[]\OT1/cmr/m/n/12 Kelas \OT1/cmtt/m/n/12 HomeComponent \OT1/cmr/m/n/12 dan \OT1
/cmtt/m/n/12 SpptComponent \OT1/cmr/m/n/12 adalah 2 (dua) ke-las yang
 []

<./resources/package-diagram.png, id=51, 523.9575pt x 285.065pt>
File: ./resources/package-diagram.png Graphic file (type png)
<use ./resources/package-diagram.png>
Package pdftex.def Info: ./resources/package-diagram.png  used on input line 25
0.
(pdftex.def)             Requested size: 418.36942pt x 227.62602pt.
[13]
<./resources/comp-dia-backend-1.png, id=56, 893.3375pt x 592.2125pt>
File: ./resources/comp-dia-backend-1.png Graphic file (type png)
<use ./resources/comp-dia-backend-1.png>
Package pdftex.def Info: ./resources/comp-dia-backend-1.png  used on input line
 263.
(pdftex.def)             Requested size: 418.36942pt x 277.3459pt.
 [14 <./resources/package-diagram.png>]
<./resources/comp-dia-backend-2.png, id=60, 878.28125pt x 603.25375pt>
File: ./resources/comp-dia-backend-2.png Graphic file (type png)
<use ./resources/comp-dia-backend-2.png>
Package pdftex.def Info: ./resources/comp-dia-backend-2.png  used on input line
 270.
(pdftex.def)             Requested size: 418.36942pt x 287.36774pt.
 [15 <./resources/comp-dia-backend-1.png>]
<./resources/comp-dia-backend-3.png, id=64, 828.09375pt x 520.94624pt>
File: ./resources/comp-dia-backend-3.png Graphic file (type png)
<use ./resources/comp-dia-backend-3.png>
Package pdftex.def Info: ./resources/comp-dia-backend-3.png  used on input line
 277.
(pdftex.def)             Requested size: 418.36942pt x 263.19899pt.
 [16 <./resources/comp-dia-backend-2.png>]
<./resources/component-diagram-fe.jpg, id=68, 853.1875pt x 55.20625pt>
File: ./resources/component-diagram-fe.jpg Graphic file (type jpg)
<use ./resources/component-diagram-fe.jpg>
Package pdftex.def Info: ./resources/component-diagram-fe.jpg  used on input li
ne 292.
(pdftex.def)             Requested size: 418.36942pt x 27.0715pt.
 [17 <./resources/comp-dia-backend-3.png>]
<./resources/deploy-diagram.png, id=72, 785.93625pt x 340.27126pt>
File: ./resources/deploy-diagram.png Graphic file (type png)
<use ./resources/deploy-diagram.png>
Package pdftex.def Info: ./resources/deploy-diagram.png  used on input line 307
.
(pdftex.def)             Requested size: 418.36942pt x 181.1373pt.
 [18 <./resources/component-diagram-fe.jpg> <./resources/deploy-diagram.png>]
<./resources/comm-dia-fe.jpg, id=76, 807.015pt x 111.41624pt>
File: ./resources/comm-dia-fe.jpg Graphic file (type jpg)
<use ./resources/comm-dia-fe.jpg>
Package pdftex.def Info: ./resources/comm-dia-fe.jpg  used on input line 323.
(pdftex.def)             Requested size: 418.36942pt x 57.75996pt.
<./resources/comm-dia-1.png, id=77, 1257.69875pt x 483.8075pt>
File: ./resources/comm-dia-1.png Graphic file (type png)
<use ./resources/comm-dia-1.png>
Package pdftex.def Info: ./resources/comm-dia-1.png  used on input line 336.
(pdftex.def)             Requested size: 418.36942pt x 160.9341pt.
 [19 <./resources/comm-dia-fe.jpg>]
<./resources/comm-dia-2.png, id=82, 1205.50375pt x 608.2725pt>
File: ./resources/comm-dia-2.png Graphic file (type png)
<use ./resources/comm-dia-2.png>
Package pdftex.def Info: ./resources/comm-dia-2.png  used on input line 343.
(pdftex.def)             Requested size: 418.36942pt x 211.09796pt.
 [20 <./resources/comm-dia-1.png> <./resources/comm-dia-2.png>]
Underfull \hbox (badness 2376) in paragraph at lines 352--353
[]\OT1/cmr/m/n/12 Pada ske-nario ke-2, \OT1/cmr/m/it/12 ujung de-pan \OT1/cmr/m
/n/12 (\OT1/cmr/m/it/12 front-end\OT1/cmr/m/n/12 ) akan me-mang-gil \OT1/cmr/m/
it/12 method
 []

[21]
<./resources/act-dia-fe.jpg, id=89, 344.28625pt x 232.87pt>
File: ./resources/act-dia-fe.jpg Graphic file (type jpg)
<use ./resources/act-dia-fe.jpg>
Package pdftex.def Info: ./resources/act-dia-fe.jpg  used on input line 367.
(pdftex.def)             Requested size: 334.69681pt x 226.38463pt.
 [22 <./resources/act-dia-fe.jpg>]
<./resources/activity-dia-1.png, id=93, 768.8725pt x 564.1075pt>
File: ./resources/activity-dia-1.png Graphic file (type png)
<use ./resources/activity-dia-1.png>
Package pdftex.def Info: ./resources/activity-dia-1.png  used on input line 380
.
(pdftex.def)             Requested size: 418.36942pt x 306.95476pt.
<./resources/activity-dia-2.png, id=94, 786.94pt x 575.14874pt>
File: ./resources/activity-dia-2.png Graphic file (type png)
<use ./resources/activity-dia-2.png>
Package pdftex.def Info: ./resources/activity-dia-2.png  used on input line 391
.
(pdftex.def)             Requested size: 418.36942pt x 305.76642pt.
 [23 <./resources/activity-dia-1.png>]
<./resources/activity-dia-3.png, id=98, 815.045pt x 562.1pt>
File: ./resources/activity-dia-3.png Graphic file (type png)
<use ./resources/activity-dia-3.png>
Package pdftex.def Info: ./resources/activity-dia-3.png  used on input line 400
.
(pdftex.def)             Requested size: 418.36942pt x 288.52841pt.

[24 <./resources/activity-dia-2.png>]
<./resources/activity-dia-4.png, id=102, 820.06375pt x 602.25pt>
File: ./resources/activity-dia-4.png Graphic file (type png)
<use ./resources/activity-dia-4.png>
Package pdftex.def Info: ./resources/activity-dia-4.png  used on input line 409
.
(pdftex.def)             Requested size: 418.36942pt x 307.25371pt.
 [25 <./resources/activity-dia-3.png>]
<./resources/seq-dia-fe.jpg, id=107, 505.89pt x 156.585pt>
File: ./resources/seq-dia-fe.jpg Graphic file (type jpg)
<use ./resources/seq-dia-fe.jpg>
Package pdftex.def Info: ./resources/seq-dia-fe.jpg  used on input line 422.
(pdftex.def)             Requested size: 418.36942pt x 129.49721pt.

[26 <./resources/activity-dia-4.png>]
<./resources/seq-dia-1.png, id=111, 854.19125pt x 430.60875pt>
File: ./resources/seq-dia-1.png Graphic file (type png)
<use ./resources/seq-dia-1.png>
Package pdftex.def Info: ./resources/seq-dia-1.png  used on input line 437.
(pdftex.def)             Requested size: 418.36942pt x 210.90157pt.
 [27 <./resources/seq-dia-fe.jpg>]
<./resources/seq-dia-2.png, id=115, 856.19875pt x 450.68375pt>
File: ./resources/seq-dia-2.png Graphic file (type png)
<use ./resources/seq-dia-2.png>
Package pdftex.def Info: ./resources/seq-dia-2.png  used on input line 446.
(pdftex.def)             Requested size: 418.36942pt x 220.21803pt.

[28 <./resources/seq-dia-1.png>]
<./resources/seq-dia-3.png, id=119, 910.40125pt x 415.5525pt>
File: ./resources/seq-dia-3.png Graphic file (type png)
<use ./resources/seq-dia-3.png>
Package pdftex.def Info: ./resources/seq-dia-3.png  used on input line 455.
(pdftex.def)             Requested size: 418.36942pt x 190.96625pt.
 [29 <./resources/seq-dia-2.png> <./resources/seq-dia-3.png>]
<./resources/seq-dia-4.png, id=123, 984.67876pt x 436.63126pt>
File: ./resources/seq-dia-4.png Graphic file (type png)
<use ./resources/seq-dia-4.png>
Package pdftex.def Info: ./resources/seq-dia-4.png  used on input line 464.
(pdftex.def)             Requested size: 418.36942pt x 185.51585pt.
<./resources/main_page.png, id=124, 2645.885pt x 1298.8525pt>
File: ./resources/main_page.png Graphic file (type png)
<use ./resources/main_page.png>
Package pdftex.def Info: ./resources/main_page.png  used on input line 475.
(pdftex.def)             Requested size: 418.36942pt x 205.3631pt.
 [30 <./resources/seq-dia-4.png>]
<./resources/content_page.png, id=129, 2645.885pt x 1298.8525pt>
File: ./resources/content_page.png Graphic file (type png)
<use ./resources/content_page.png>
Package pdftex.def Info: ./resources/content_page.png  used on input line 482.
(pdftex.def)             Requested size: 418.36942pt x 205.3631pt.
 [31 <./resources/main_page.png> <./resources/content_page.png>]

LaTeX Warning: Reference `fig:gantt-chart' on page 32 undefined on input line 5
08.

<./resources/gantt-chart.png, id=136, 1406.25375pt x 314.17375pt>
File: ./resources/gantt-chart.png Graphic file (type png)
<use ./resources/gantt-chart.png>
Package pdftex.def Info: ./resources/gantt-chart.png  used on input line 512.
(pdftex.def)             Requested size: 418.36942pt x 93.46664pt.
[32 <./resources/gantt-chart.png (PNG copy)>] (./00.book.aux)

LaTeX Warning: There were undefined references.


LaTeX Warning: Label(s) may have changed. Rerun to get cross-references right.

 ) 
Here is how much of TeX's memory you used:
 4296 strings out of 492649
 63778 string characters out of 6129622
 138946 words of memory out of 5000000
 8097 multiletter control sequences out of 15000+600000
 6588 words of font info for 24 fonts, out of 8000000 for 9000
 1141 hyphenation exceptions out of 8191
 41i,5n,32p,723b,294s stack positions out of 5000i,500n,10000p,200000b,80000s
</usr/local/texlive/2018/texmf-dist/fonts/type1/public/amsfonts/cm/cmbx12.pfb
></usr/local/texlive/2018/texmf-dist/fonts/type1/public/amsfonts/cm/cmbxti10.pf
b></usr/local/texlive/2018/texmf-dist/fonts/type1/public/amsfonts/cm/cmr12.pfb>
</usr/local/texlive/2018/texmf-dist/fonts/type1/public/amsfonts/cm/cmsy10.pfb><
/usr/local/texlive/2018/texmf-dist/fonts/type1/public/amsfonts/cm/cmti12.pfb></
usr/local/texlive/2018/texmf-dist/fonts/type1/public/amsfonts/cm/cmtt12.pfb>
Output written on 00.book.pdf (32 pages, 985928 bytes).
PDF statistics:
 161 PDF objects out of 1000 (max. 8388607)
 91 compressed objects within 1 object stream
 0 named destinations out of 1000 (max. 500000)
 136 words of extra memory for PDF output out of 10000 (max. 10000000)

